<?xml version="1.0" encoding="UTF-8"?>
<!-- Generated by org.testng.reporters.JUnitReportReporter -->
<testsuite skipped="0" hostname="HMECL002384" name="com.bank99.script.VerifyLoginPage" tests="1" failures="0" timestamp="2020-06-03T15:10:40 IST" time="35.106" errors="0">
  <testcase name="verifyLoginPage" time="35.106" classname="com.bank99.script.VerifyLoginPage"/>
</testsuite> <!-- com.bank99.script.VerifyLoginPage -->
