<?xml version="1.0" encoding="UTF-8"?>
<!-- Generated by org.testng.reporters.JUnitReportReporter -->
<testsuite skipped="0" hostname="HMECL002384" name="com.ecomeerce.script.VerifyHomePageTitle" tests="1" failures="0" timestamp="2020-06-10T15:23:46 IST" time="74.672" errors="0">
  <testcase name="verifyHomePageTitle" time="74.672" classname="com.ecomeerce.script.VerifyHomePageTitle"/>
</testsuite> <!-- com.ecomeerce.script.VerifyHomePageTitle -->
