<?xml version="1.0" encoding="UTF-8"?>
<!-- Generated by org.testng.reporters.JUnitReportReporter -->
<testsuite skipped="0" hostname="HMECL002384" name="com.ecomeerce.script.VerifySonyMobilePrice" tests="1" failures="0" timestamp="2020-06-11T17:07:41 IST" time="123.285" errors="0">
  <testcase name="verifySonyMobilePrice" time="123.285" classname="com.ecomeerce.script.VerifySonyMobilePrice"/>
</testsuite> <!-- com.ecomeerce.script.VerifySonyMobilePrice -->
