<?xml version="1.0" encoding="UTF-8"?>
<!-- Generated by org.testng.reporters.JUnitReportReporter -->
<testsuite skipped="0" hostname="HMECL002384" name="com.ecomeerce.script.VerifyMobilePageTitle" tests="1" failures="0" timestamp="2020-06-10T15:47:49 IST" time="127.848" errors="0">
  <testcase name="verifyMobilePageTitle" time="127.848" classname="com.ecomeerce.script.VerifyMobilePageTitle"/>
</testsuite> <!-- com.ecomeerce.script.VerifyMobilePageTitle -->
