<?xml version="1.0" encoding="UTF-8"?>
<!-- Generated by org.testng.reporters.JUnitReportReporter -->
<testsuite skipped="0" hostname="HMECL002384" name="com.ecomeerce.script.VerifyMobileNameSort" tests="1" failures="0" timestamp="2020-06-11T14:56:40 IST" time="165.805" errors="0">
  <testcase name="verifyMobileNameSort" time="165.805" classname="com.ecomeerce.script.VerifyMobileNameSort"/>
</testsuite> <!-- com.ecomeerce.script.VerifyMobileNameSort -->
